# JRE version: Java(TM) SE Runtime Environment (8.0_171-b11) (build 1.8.0_171-b11)
# Java VM: Java HotSpot(TM) 64-Bit Server VM (25.171-b11 mixed mode linux-amd64 compressed oops)
Heap:
 PSYoungGen      total 109568K, used 77972K [0x000000076cb00000, 0x0000000776200000, 0x00000007c0000000)
  eden space 67584K, 71% used [0x000000076cb00000,0x000000076fa61b58,0x0000000770d00000)
  from space 41984K, 70% used [0x0000000773900000,0x00000007755c3870,0x0000000776200000)
  to   space 43520K, 0% used [0x0000000770d00000,0x0000000770d00000,0x0000000773780000)
 ParOldGen       total 207360K, used 48952K [0x00000006c6000000, 0x00000006d2a80000, 0x000000076cb00000)
  object space 207360K, 23% used [0x00000006c6000000,0x00000006c8fce048,0x00000006d2a80000)
 Metaspace       used 36801K, capacity 37932K, committed 38272K, reserved 1083392K
  class space    used 4452K, capacity 4636K, committed 4736K, reserved 1048576K
GC Heap History (10 events):
Event: 3772.085 GC heap before
{Heap before GC invocations=20 (full 2):
 PSYoungGen      total 110592K, used 102370K [0x000000076cb00000, 0x0000000775e80000, 0x00000007c0000000)
  eden space 72192K, 100% used [0x000000076cb00000,0x0000000771180000,0x0000000771180000)
  from space 38400K, 78% used [0x0000000771280000,0x0000000772ff88c0,0x0000000773800000)
  to   space 39424K, 0% used [0x0000000773800000,0x0000000773800000,0x0000000775e80000)
 ParOldGen       total 207360K, used 44928K [0x00000006c6000000, 0x00000006d2a80000, 0x000000076cb00000)
  object space 207360K, 21% used [0x00000006c6000000,0x00000006c8be02f8,0x00000006d2a80000)
 Metaspace       used 36757K, capacity 37868K, committed 38016K, reserved 1083392K
  class space    used 4450K, capacity 4636K, committed 4736K, reserved 1048576K
Event: 3772.111 GC heap after
Heap after GC invocations=20 (full 2):
 PSYoungGen      total 110592K, used 29971K [0x000000076cb00000, 0x0000000775f80000, 0x00000007c0000000)
  eden space 71168K, 0% used [0x000000076cb00000,0x000000076cb00000,0x0000000771080000)
  from space 39424K, 76% used [0x0000000773800000,0x0000000775544c00,0x0000000775e80000)
  to   space 40448K, 0% used [0x0000000771080000,0x0000000771080000,0x0000000773800000)
 ParOldGen       total 207360K, used 44928K [0x00000006c6000000, 0x00000006d2a80000, 0x000000076cb00000)
  object space 207360K, 21% used [0x00000006c6000000,0x00000006c8be02f8,0x00000006d2a80000)
 Metaspace       used 36757K, capacity 37868K, committed 38016K, reserved 1083392K
  class space    used 4450K, capacity 4636K, committed 4736K, reserved 1048576K
}
Event: 3911.247 GC heap before
{Heap before GC invocations=21 (full 2):
 PSYoungGen      total 110592K, used 101139K [0x000000076cb00000, 0x0000000775f80000, 0x00000007c0000000)
  eden space 71168K, 100% used [0x000000076cb00000,0x0000000771080000,0x0000000771080000)
  from space 39424K, 76% used [0x0000000773800000,0x0000000775544c00,0x0000000775e80000)
  to   space 40448K, 0% used [0x0000000771080000,0x0000000771080000,0x0000000773800000)
 ParOldGen       total 207360K, used 44928K [0x00000006c6000000, 0x00000006d2a80000, 0x000000076cb00000)
  object space 207360K, 21% used [0x00000006c6000000,0x00000006c8be02f8,0x00000006d2a80000)
 Metaspace       used 36772K, capacity 37868K, committed 38016K, reserved 1083392K
  class space    used 4450K, capacity 4636K, committed 4736K, reserved 1048576K
Event: 3911.269 GC heap after
Heap after GC invocations=21 (full 2):
 PSYoungGen      total 110592K, used 36704K [0x000000076cb00000, 0x0000000776480000, 0x00000007c0000000)
  eden space 70144K, 0% used [0x000000076cb00000,0x000000076cb00000,0x0000000770f80000)
  from space 40448K, 90% used [0x0000000771080000,0x0000000773458248,0x0000000773800000)
  to   space 43520K, 0% used [0x0000000773a00000,0x0000000773a00000,0x0000000776480000)
 ParOldGen       total 207360K, used 44928K [0x00000006c6000000, 0x00000006d2a80000, 0x000000076cb00000)
  object space 207360K, 21% used [0x00000006c6000000,0x00000006c8be02f8,0x00000006d2a80000)
 Metaspace       used 36772K, capacity 37868K, committed 38016K, reserved 1083392K
  class space    used 4450K, capacity 4636K, committed 4736K, reserved 1048576K
}
Event: 4108.645 GC heap before
{Heap before GC invocations=22 (full 2):
 PSYoungGen      total 110592K, used 106848K [0x000000076cb00000, 0x0000000776480000, 0x00000007c0000000)
  eden space 70144K, 100% used [0x000000076cb00000,0x0000000770f80000,0x0000000770f80000)
  from space 40448K, 90% used [0x0000000771080000,0x0000000773458248,0x0000000773800000)
  to   space 43520K, 0% used [0x0000000773a00000,0x0000000773a00000,0x0000000776480000)
 ParOldGen       total 207360K, used 44928K [0x00000006c6000000, 0x00000006d2a80000, 0x000000076cb00000)
  object space 207360K, 21% used [0x00000006c6000000,0x00000006c8be02f8,0x00000006d2a80000)
 Metaspace       used 36775K, capacity 37868K, committed 38016K, reserved 1083392K
  class space    used 4450K, capacity 4636K, committed 4736K, reserved 1048576K
Event: 4108.664 GC heap after
Heap after GC invocations=22 (full 2):
 PSYoungGen      total 112640K, used 32900K [0x000000076cb00000, 0x0000000776580000, 0x00000007c0000000)
  eden space 69120K, 0% used [0x000000076cb00000,0x000000076cb00000,0x0000000770e80000)
  from space 43520K, 75% used [0x0000000773a00000,0x0000000775a210c0,0x0000000776480000)
  to   space 44544K, 0% used [0x0000000770e80000,0x0000000770e80000,0x0000000773a00000)
 ParOldGen       total 207360K, used 45671K [0x00000006c6000000, 0x00000006d2a80000, 0x000000076cb00000)
  object space 207360K, 22% used [0x00000006c6000000,0x00000006c8c99ed8,0x00000006d2a80000)
 Metaspace       used 36775K, capacity 37868K, committed 38016K, reserved 1083392K
  class space    used 4450K, capacity 4636K, committed 4736K, reserved 1048576K
}
Event: 4302.171 GC heap before
{Heap before GC invocations=23 (full 2):
 PSYoungGen      total 112640K, used 102020K [0x000000076cb00000, 0x0000000776580000, 0x00000007c0000000)
  eden space 69120K, 100% used [0x000000076cb00000,0x0000000770e80000,0x0000000770e80000)
  from space 43520K, 75% used [0x0000000773a00000,0x0000000775a210c0,0x0000000776480000)
  to   space 44544K, 0% used [0x0000000770e80000,0x0000000770e80000,0x0000000773a00000)
 ParOldGen       total 207360K, used 45671K [0x00000006c6000000, 0x00000006d2a80000, 0x000000076cb00000)
  object space 207360K, 22% used [0x00000006c6000000,0x00000006c8c99ed8,0x00000006d2a80000)
 Metaspace       used 36775K, capacity 37868K, committed 38016K, reserved 1083392K
  class space    used 4450K, capacity 4636K, committed 4736K, reserved 1048576K
Event: 4302.232 GC heap after
Heap after GC invocations=23 (full 2):
 PSYoungGen      total 98304K, used 29934K [0x000000076cb00000, 0x0000000776480000, 0x00000007c0000000)
  eden space 68096K, 0% used [0x000000076cb00000,0x000000076cb00000,0x0000000770d80000)
  from space 30208K, 99% used [0x0000000770e80000,0x0000000772bbb870,0x0000000772c00000)
  to   space 44544K, 0% used [0x0000000773900000,0x0000000773900000,0x0000000776480000)
 ParOldGen       total 207360K, used 48455K [0x00000006c6000000, 0x00000006d2a80000, 0x000000076cb00000)
  object space 207360K, 23% used [0x00000006c6000000,0x00000006c8f51fe8,0x00000006d2a80000)
 Metaspace       used 36775K, capacity 37868K, committed 38016K, reserved 1083392K
  class space    used 4450K, capacity 4636K, committed 4736K, reserved 1048576K
}
Event: 4491.639 GC heap before
{Heap before GC invocations=24 (full 2):
 PSYoungGen      total 98304K, used 98030K [0x000000076cb00000, 0x0000000776480000, 0x00000007c0000000)
  eden space 68096K, 100% used [0x000000076cb00000,0x0000000770d80000,0x0000000770d80000)
  from space 30208K, 99% used [0x0000000770e80000,0x0000000772bbb870,0x0000000772c00000)
  to   space 44544K, 0% used [0x0000000773900000,0x0000000773900000,0x0000000776480000)
 ParOldGen       total 207360K, used 48455K [0x00000006c6000000, 0x00000006d2a80000, 0x000000076cb00000)
  object space 207360K, 23% used [0x00000006c6000000,0x00000006c8f51fe8,0x00000006d2a80000)
 Metaspace       used 36775K, capacity 37868K, committed 38016K, reserved 1083392K
  class space    used 4450K, capacity 4636K, committed 4736K, reserved 1048576K
Event: 4491.674 GC heap after
Heap after GC invocations=24 (full 2):
 PSYoungGen      total 109568K, used 29454K [0x000000076cb00000, 0x0000000776200000, 0x00000007c0000000)
  eden space 67584K, 0% used [0x000000076cb00000,0x000000076cb00000,0x0000000770d00000)
  from space 41984K, 70% used [0x0000000773900000,0x00000007755c3870,0x0000000776200000)
  to   space 43520K, 0% used [0x0000000770d00000,0x0000000770d00000,0x0000000773780000)
 ParOldGen       total 207360K, used 48952K [0x00000006c6000000, 0x00000006d2a80000, 0x000000076cb00000)
  object space 207360K, 23% used [0x00000006c6000000,0x00000006c8fce048,0x00000006d2a80000)
 Metaspace       used 36775K, capacity 37868K, committed 38016K, reserved 1083392K
  class space    used 4450K, capacity 4636K, committed 4736K, reserved 1048576K
}

